c:\users\tayde\downloads\ydlidar-sdk-master\ydlidar-sdk-master\build_2\release\stronglightfilter.obj
c:\users\tayde\downloads\ydlidar-sdk-master\ydlidar-sdk-master\build_2\release\noisefilter.obj
c:\users\tayde\downloads\ydlidar-sdk-master\ydlidar-sdk-master\build_2\release\ydlidar_sdk.obj
c:\users\tayde\downloads\ydlidar-sdk-master\ydlidar-sdk-master\build_2\release\ydlidardriver.obj
c:\users\tayde\downloads\ydlidar-sdk-master\ydlidar-sdk-master\build_2\release\sdmlidardriver.obj
c:\users\tayde\downloads\ydlidar-sdk-master\ydlidar-sdk-master\build_2\release\gslidardriver.obj
c:\users\tayde\downloads\ydlidar-sdk-master\ydlidar-sdk-master\build_2\release\etlidardriver.obj
c:\users\tayde\downloads\ydlidar-sdk-master\ydlidar-sdk-master\build_2\release\cydlidar.obj
c:\users\tayde\downloads\ydlidar-sdk-master\ydlidar-sdk-master\build_2\release\win_serial.obj
c:\users\tayde\downloads\ydlidar-sdk-master\ydlidar-sdk-master\build_2\release\list_ports_win.obj
c:\users\tayde\downloads\ydlidar-sdk-master\ydlidar-sdk-master\build_2\release\serial.obj
c:\users\tayde\downloads\ydlidar-sdk-master\ydlidar-sdk-master\build_2\release\simplesocket.obj
c:\users\tayde\downloads\ydlidar-sdk-master\ydlidar-sdk-master\build_2\release\passivesocket.obj
c:\users\tayde\downloads\ydlidar-sdk-master\ydlidar-sdk-master\build_2\release\activesocket.obj
c:\users\tayde\downloads\ydlidar-sdk-master\ydlidar-sdk-master\build_2\release\ydlidar_def.obj
c:\users\tayde\downloads\ydlidar-sdk-master\ydlidar-sdk-master\build_2\release\timer.obj
c:\users\tayde\downloads\ydlidar-sdk-master\ydlidar-sdk-master\build_2\cmakefiles\generate.stamp
c:\users\tayde\downloads\ydlidar-sdk-master\ydlidar-sdk-master\build_2\release\ydlidar_sdk.tlog\cl.command.1.tlog
c:\users\tayde\downloads\ydlidar-sdk-master\ydlidar-sdk-master\build_2\release\ydlidar_sdk.tlog\cl.read.1.tlog
c:\users\tayde\downloads\ydlidar-sdk-master\ydlidar-sdk-master\build_2\release\ydlidar_sdk.tlog\cl.write.1.tlog
c:\users\tayde\downloads\ydlidar-sdk-master\ydlidar-sdk-master\build_2\release\ydlidar_sdk.tlog\custombuild.command.1.tlog
c:\users\tayde\downloads\ydlidar-sdk-master\ydlidar-sdk-master\build_2\release\ydlidar_sdk.tlog\custombuild.read.1.tlog
c:\users\tayde\downloads\ydlidar-sdk-master\ydlidar-sdk-master\build_2\release\ydlidar_sdk.tlog\custombuild.write.1.tlog
c:\users\tayde\downloads\ydlidar-sdk-master\ydlidar-sdk-master\build_2\release\ydlidar_sdk.tlog\link.command.1.tlog
c:\users\tayde\downloads\ydlidar-sdk-master\ydlidar-sdk-master\build_2\release\ydlidar_sdk.tlog\link.read.1.tlog
c:\users\tayde\downloads\ydlidar-sdk-master\ydlidar-sdk-master\build_2\release\ydlidar_sdk.tlog\link.write.1.tlog
