c:\users\tayde\downloads\ydlidar-sdk-master\ydlidar-sdk-master\build_2\ydlidar_sdk.dir\release\stronglightfilter.obj
c:\users\tayde\downloads\ydlidar-sdk-master\ydlidar-sdk-master\build_2\ydlidar_sdk.dir\release\noisefilter.obj
c:\users\tayde\downloads\ydlidar-sdk-master\ydlidar-sdk-master\build_2\ydlidar_sdk.dir\release\ydlidar_sdk.obj
c:\users\tayde\downloads\ydlidar-sdk-master\ydlidar-sdk-master\build_2\ydlidar_sdk.dir\release\ydlidardriver.obj
c:\users\tayde\downloads\ydlidar-sdk-master\ydlidar-sdk-master\build_2\ydlidar_sdk.dir\release\sdmlidardriver.obj
c:\users\tayde\downloads\ydlidar-sdk-master\ydlidar-sdk-master\build_2\ydlidar_sdk.dir\release\gslidardriver.obj
c:\users\tayde\downloads\ydlidar-sdk-master\ydlidar-sdk-master\build_2\ydlidar_sdk.dir\release\etlidardriver.obj
c:\users\tayde\downloads\ydlidar-sdk-master\ydlidar-sdk-master\build_2\ydlidar_sdk.dir\release\cydlidar.obj
c:\users\tayde\downloads\ydlidar-sdk-master\ydlidar-sdk-master\build_2\ydlidar_sdk.dir\release\win_serial.obj
c:\users\tayde\downloads\ydlidar-sdk-master\ydlidar-sdk-master\build_2\ydlidar_sdk.dir\release\list_ports_win.obj
c:\users\tayde\downloads\ydlidar-sdk-master\ydlidar-sdk-master\build_2\ydlidar_sdk.dir\release\serial.obj
c:\users\tayde\downloads\ydlidar-sdk-master\ydlidar-sdk-master\build_2\ydlidar_sdk.dir\release\simplesocket.obj
c:\users\tayde\downloads\ydlidar-sdk-master\ydlidar-sdk-master\build_2\ydlidar_sdk.dir\release\passivesocket.obj
c:\users\tayde\downloads\ydlidar-sdk-master\ydlidar-sdk-master\build_2\ydlidar_sdk.dir\release\activesocket.obj
c:\users\tayde\downloads\ydlidar-sdk-master\ydlidar-sdk-master\build_2\ydlidar_sdk.dir\release\ydlidar_def.obj
c:\users\tayde\downloads\ydlidar-sdk-master\ydlidar-sdk-master\build_2\ydlidar_sdk.dir\release\timer.obj
c:\users\tayde\downloads\ydlidar-sdk-master\ydlidar-sdk-master\build_2\cmakefiles\generate.stamp
c:\users\tayde\downloads\ydlidar-sdk-master\ydlidar-sdk-master\build_2\release\ydlidar_sdk.dll
c:\users\tayde\downloads\ydlidar-sdk-master\ydlidar-sdk-master\build_2\release\ydlidar_sdk.lib
c:\users\tayde\downloads\ydlidar-sdk-master\ydlidar-sdk-master\build_2\release\ydlidar_sdk.exp
c:\users\tayde\downloads\ydlidar-sdk-master\ydlidar-sdk-master\build_2\ydlidar_sdk.dir\release\ydlidar_sdk.tlog\cl.command.1.tlog
c:\users\tayde\downloads\ydlidar-sdk-master\ydlidar-sdk-master\build_2\ydlidar_sdk.dir\release\ydlidar_sdk.tlog\cl.read.1.tlog
c:\users\tayde\downloads\ydlidar-sdk-master\ydlidar-sdk-master\build_2\ydlidar_sdk.dir\release\ydlidar_sdk.tlog\cl.write.1.tlog
c:\users\tayde\downloads\ydlidar-sdk-master\ydlidar-sdk-master\build_2\ydlidar_sdk.dir\release\ydlidar_sdk.tlog\custombuild.command.1.tlog
c:\users\tayde\downloads\ydlidar-sdk-master\ydlidar-sdk-master\build_2\ydlidar_sdk.dir\release\ydlidar_sdk.tlog\custombuild.read.1.tlog
c:\users\tayde\downloads\ydlidar-sdk-master\ydlidar-sdk-master\build_2\ydlidar_sdk.dir\release\ydlidar_sdk.tlog\custombuild.write.1.tlog
c:\users\tayde\downloads\ydlidar-sdk-master\ydlidar-sdk-master\build_2\ydlidar_sdk.dir\release\ydlidar_sdk.tlog\link.command.1.tlog
c:\users\tayde\downloads\ydlidar-sdk-master\ydlidar-sdk-master\build_2\ydlidar_sdk.dir\release\ydlidar_sdk.tlog\link.read.1.tlog
c:\users\tayde\downloads\ydlidar-sdk-master\ydlidar-sdk-master\build_2\ydlidar_sdk.dir\release\ydlidar_sdk.tlog\link.write.1.tlog
c:\users\tayde\downloads\ydlidar-sdk-master\ydlidar-sdk-master\build_2\ydlidar_sdk.dir\release\ydlidar_sdk.tlog\ydlidar_sdk.write.1u.tlog
