c:\users\tayde\downloads\rplidar_sdk-master\rplidar_sdk-master\workspaces\vc14\rplidar_driver\x64\release\vc142.pdb
c:\users\tayde\downloads\rplidar_sdk-master\rplidar_sdk-master\workspaces\vc14\rplidar_driver\x64\release\sl_udp_channel.obj
c:\users\tayde\downloads\rplidar_sdk-master\rplidar_sdk-master\workspaces\vc14\rplidar_driver\x64\release\sl_tcp_channel.obj
c:\users\tayde\downloads\rplidar_sdk-master\rplidar_sdk-master\workspaces\vc14\rplidar_driver\x64\release\sl_serial_channel.obj
c:\users\tayde\downloads\rplidar_sdk-master\rplidar_sdk-master\workspaces\vc14\rplidar_driver\x64\release\sl_lidar_driver.obj
c:\users\tayde\downloads\rplidar_sdk-master\rplidar_sdk-master\workspaces\vc14\rplidar_driver\x64\release\sl_crc.obj
c:\users\tayde\downloads\rplidar_sdk-master\rplidar_sdk-master\workspaces\vc14\rplidar_driver\x64\release\rplidar_driver.obj
c:\users\tayde\downloads\rplidar_sdk-master\rplidar_sdk-master\workspaces\vc14\rplidar_driver\x64\release\thread.obj
c:\users\tayde\downloads\rplidar_sdk-master\rplidar_sdk-master\workspaces\vc14\rplidar_driver\x64\release\timer.obj
c:\users\tayde\downloads\rplidar_sdk-master\rplidar_sdk-master\workspaces\vc14\rplidar_driver\x64\release\net_socket.obj
c:\users\tayde\downloads\rplidar_sdk-master\rplidar_sdk-master\workspaces\vc14\rplidar_driver\x64\release\net_serial.obj
c:\users\tayde\downloads\rplidar_sdk-master\rplidar_sdk-master\workspaces\vc14\rplidar_driver\x64\release\vc143.pdb
c:\users\tayde\downloads\rplidar_sdk-master\rplidar_sdk-master\workspaces\vc14\x64\release\rplidar_driver.dll
c:\users\tayde\downloads\rplidar_sdk-master\rplidar_sdk-master\workspaces\vc14\rplidar_driver\x64\release\rplidar_driver.ipdb
c:\users\tayde\downloads\rplidar_sdk-master\rplidar_sdk-master\workspaces\vc14\rplidar_driver\x64\release\rplidar_driver.iobj
c:\users\tayde\downloads\rplidar_sdk-master\rplidar_sdk-master\workspaces\vc14\x64\release\rplidar_driver.pdb
c:\users\tayde\downloads\rplidar_sdk-master\rplidar_sdk-master\workspaces\vc14\rplidar_driver\x64\release\rplidar_driver.tlog\cl.command.1.tlog
c:\users\tayde\downloads\rplidar_sdk-master\rplidar_sdk-master\workspaces\vc14\rplidar_driver\x64\release\rplidar_driver.tlog\cl.items.tlog
c:\users\tayde\downloads\rplidar_sdk-master\rplidar_sdk-master\workspaces\vc14\rplidar_driver\x64\release\rplidar_driver.tlog\cl.read.1.tlog
c:\users\tayde\downloads\rplidar_sdk-master\rplidar_sdk-master\workspaces\vc14\rplidar_driver\x64\release\rplidar_driver.tlog\cl.write.1.tlog
c:\users\tayde\downloads\rplidar_sdk-master\rplidar_sdk-master\workspaces\vc14\rplidar_driver\x64\release\rplidar_driver.tlog\link.command.1.tlog
c:\users\tayde\downloads\rplidar_sdk-master\rplidar_sdk-master\workspaces\vc14\rplidar_driver\x64\release\rplidar_driver.tlog\link.read.1.tlog
c:\users\tayde\downloads\rplidar_sdk-master\rplidar_sdk-master\workspaces\vc14\rplidar_driver\x64\release\rplidar_driver.tlog\link.write.1.tlog
